Using pre-set license
Built from '2020.2/staging' branch; Version is '2020.2.3f1 (8ff31bc5bf5b) revision 9433883'; Using compiler version '192528614'; Build Type 'Release'
OS: 'Windows 10 Home; OS build 18363.1500; Version 1909; 64bit' Language: 'zh' Physical Memory: 8047 MB
BatchMode: 1, IsHumanControllingUs: 0, StartBugReporterOnCrash: 0, Is64bit: 1, IsPro: 0

 COMMAND LINE ARGUMENTS:
D:\Program Files\2020.2.3f1\Editor\Unity.exe
-adb2
-batchMode
-noUpm
-name
AssetImportWorker3
-projectPath
D:/GBC/ADVANCED GAME PROGRAMMING/GAME3011_Assignment4
-logFile
Logs/AssetImportWorker3.log
-srvPort
64966
Successfully changed project path to: D:/GBC/ADVANCED GAME PROGRAMMING/GAME3011_Assignment4
D:/GBC/ADVANCED GAME PROGRAMMING/GAME3011_Assignment4
Using Asset Import Pipeline V2.
Refreshing native plugins compatible for Editor in 51.71 ms, found 1 plugins.
Preloading 0 native plugins for Editor in 0.00 ms.
Initialize engine version: 2020.2.3f1 (8ff31bc5bf5b)
[Subsystems] Discovering subsystems at path D:/Program Files/2020.2.3f1/Editor/Data/Resources/UnitySubsystems
[Subsystems] Discovering subsystems at path D:/GBC/ADVANCED GAME PROGRAMMING/GAME3011_Assignment4/Assets
GfxDevice: creating device client; threaded=0
Direct3D:
    Version:  Direct3D 11.0 [level 11.1]
    Renderer: NVIDIA GeForce GTX 1050 (ID=0x1c8d)
    Vendor:   
    VRAM:     1979 MB
    Driver:   26.21.14.4587
Initialize mono
Mono path[0] = 'D:/Program Files/2020.2.3f1/Editor/Data/Managed'
Mono path[1] = 'D:/Program Files/2020.2.3f1/Editor/Data/MonoBleedingEdge/lib/mono/unityjit'
Mono config path = 'D:/Program Files/2020.2.3f1/Editor/Data/MonoBleedingEdge/etc'
Using monoOptions --debugger-agent=transport=dt_socket,embedding=1,server=y,suspend=n,address=127.0.0.1:56844
Begin MonoManager ReloadAssembly
Registering precompiled unity dll's ...
Register platform support module: D:/Program Files/2020.2.3f1/Editor/Data/PlaybackEngines/WebGLSupport/UnityEditor.WebGL.Extensions.dll
Register platform support module: D:/Program Files/2020.2.3f1/Editor/Data/PlaybackEngines/WindowsStandaloneSupport/UnityEditor.WindowsStandalone.Extensions.dll
Registered in 0.001056 seconds.
Native extension for WindowsStandalone target not found
Native extension for WebGL target not found
Refreshing native plugins compatible for Editor in 42.51 ms, found 1 plugins.
Preloading 0 native plugins for Editor in 0.00 ms.
Invoked RoslynAnalysisRunner static constructor.
RoslynAnalysisRunner will not be running.
RoslynAnalysisRunner has terminated.
Mono: successfully reloaded assembly
- Completed reload, in  1.591 seconds
Platform modules already initialized, skipping
Registering precompiled user dll's ...
Registered in 0.000611 seconds.
Begin MonoManager ReloadAssembly
Native extension for WindowsStandalone target not found
Native extension for WebGL target not found
Refreshing native plugins compatible for Editor in 39.44 ms, found 1 plugins.
Preloading 0 native plugins for Editor in 0.00 ms.
Invoked RoslynAnalysisRunner static constructor.
RoslynAnalysisRunner will not be running.
RoslynAnalysisRunner has terminated.
Mono: successfully reloaded assembly
- Completed reload, in  3.105 seconds
Platform modules already initialized, skipping
========================================================================
Worker process is ready to serve import requests
Launched and connected shader compiler UnityShaderCompiler.exe after 0.31 seconds
Refreshing native plugins compatible for Editor in 0.37 ms, found 1 plugins.
Preloading 0 native plugins for Editor in 0.00 ms.
Unloading 1793 Unused Serialized files (Serialized files now loaded: 0)
System memory in use before: 89.7 MB.
System memory in use after: 89.6 MB.

Unloading 24 unused Assets to reduce memory usage. Loaded Objects now: 2239.
Total: 67.380000 ms (FindLiveObjects: 0.175500 ms CreateObjectMapping: 0.073000 ms MarkObjects: 57.027600 ms  DeleteObjects: 10.102400 ms)

========================================================================
Received Import Request.
  path: Assets/Image/WarmIcon.png
  artifactKey: Guid(d8cbf0b44b3b7e34ea82db0b84cb0058) Importer(815301076,1909f56bfc062723c751e8b465ee728b)
Start importing Assets/Image/WarmIcon.png using Guid(d8cbf0b44b3b7e34ea82db0b84cb0058) Importer(815301076,1909f56bfc062723c751e8b465ee728b)  -> (artifact id: '26e409f1194c5ff4ced6093ec5d6395b') in 0.360702 seconds
  Import took 0.363523 seconds .

========================================================================
Received Prepare
Registering precompiled user dll's ...
Registered in 0.000846 seconds.
Begin MonoManager ReloadAssembly
Native extension for WindowsStandalone target not found
Native extension for WebGL target not found
Refreshing native plugins compatible for Editor in 0.43 ms, found 1 plugins.
Preloading 0 native plugins for Editor in 0.00 ms.
Invoked RoslynAnalysisRunner static constructor.
RoslynAnalysisRunner will not be running.
RoslynAnalysisRunner has terminated.
Mono: successfully reloaded assembly
- Completed reload, in  0.865 seconds
Platform modules already initialized, skipping
Refreshing native plugins compatible for Editor in 0.40 ms, found 1 plugins.
Preloading 0 native plugins for Editor in 0.00 ms.
Unloading 1788 Unused Serialized files (Serialized files now loaded: 0)
System memory in use before: 92.7 MB.
System memory in use after: 92.7 MB.

Unloading 12 unused Assets to reduce memory usage. Loaded Objects now: 2248.
Total: 3.036200 ms (FindLiveObjects: 0.192300 ms CreateObjectMapping: 0.069900 ms MarkObjects: 2.600700 ms  DeleteObjects: 0.171900 ms)

========================================================================
Received Import Request.
  Time since last request: 1182.155027 seconds.
  path: Assets/Image/Alert Line.png
  artifactKey: Guid(51ad46645bc252a42a20daee3482587f) Importer(815301076,1909f56bfc062723c751e8b465ee728b)
Start importing Assets/Image/Alert Line.png using Guid(51ad46645bc252a42a20daee3482587f) Importer(815301076,1909f56bfc062723c751e8b465ee728b)  -> (artifact id: '05eea5153902e7201ac0dc7ce40eaa52') in 0.159946 seconds
  Import took 0.164451 seconds .

========================================================================
Received Import Request.
  Time since last request: 460.461293 seconds.
  path: Assets/Image/CautionBar.png
  artifactKey: Guid(239ced580d360ac41975efc55769d496) Importer(815301076,1909f56bfc062723c751e8b465ee728b)
Start importing Assets/Image/CautionBar.png using Guid(239ced580d360ac41975efc55769d496) Importer(815301076,1909f56bfc062723c751e8b465ee728b)  -> (artifact id: '135401f163dbd3cb8314579ed1612d10') in 0.079367 seconds
  Import took 0.083732 seconds .

========================================================================
Received Import Request.
  Time since last request: 45.985080 seconds.
  path: Assets/Image/CautionBar.png
  artifactKey: Guid(239ced580d360ac41975efc55769d496) Importer(815301076,1909f56bfc062723c751e8b465ee728b)
Start importing Assets/Image/CautionBar.png using Guid(239ced580d360ac41975efc55769d496) Importer(815301076,1909f56bfc062723c751e8b465ee728b)  -> (artifact id: '2392e86d0d8173e281c793b23f3e172b') in 0.055501 seconds
  Import took 0.059567 seconds .

========================================================================
Received Prepare
Registering precompiled user dll's ...
Registered in 0.000820 seconds.
Begin MonoManager ReloadAssembly
Native extension for WindowsStandalone target not found
Native extension for WebGL target not found
Refreshing native plugins compatible for Editor in 0.34 ms, found 1 plugins.
Preloading 0 native plugins for Editor in 0.00 ms.
Invoked RoslynAnalysisRunner static constructor.
RoslynAnalysisRunner will not be running.
RoslynAnalysisRunner has terminated.
Mono: successfully reloaded assembly
- Completed reload, in  0.937 seconds
Platform modules already initialized, skipping
Refreshing native plugins compatible for Editor in 0.42 ms, found 1 plugins.
Preloading 0 native plugins for Editor in 0.00 ms.
Unloading 1788 Unused Serialized files (Serialized files now loaded: 0)
System memory in use before: 92.8 MB.
System memory in use after: 92.7 MB.

Unloading 12 unused Assets to reduce memory usage. Loaded Objects now: 2256.
Total: 2.524900 ms (FindLiveObjects: 0.271100 ms CreateObjectMapping: 0.074000 ms MarkObjects: 2.064800 ms  DeleteObjects: 0.113600 ms)

AssetImportWorkerClient::OnTransportError - code=2 error=End of file
