Using pre-set license
Built from '2020.2/staging' branch; Version is '2020.2.3f1 (8ff31bc5bf5b) revision 9433883'; Using compiler version '192528614'; Build Type 'Release'
OS: 'Windows 10 Home; OS build 18363.1500; Version 1909; 64bit' Language: 'zh' Physical Memory: 8047 MB
BatchMode: 1, IsHumanControllingUs: 0, StartBugReporterOnCrash: 0, Is64bit: 1, IsPro: 0

 COMMAND LINE ARGUMENTS:
D:\Program Files\2020.2.3f1\Editor\Unity.exe
-adb2
-batchMode
-noUpm
-name
AssetImportWorker0
-projectPath
D:/GBC/ADVANCED GAME PROGRAMMING/GAME3011_Assignment4
-logFile
Logs/AssetImportWorker0.log
-srvPort
51595
Successfully changed project path to: D:/GBC/ADVANCED GAME PROGRAMMING/GAME3011_Assignment4
D:/GBC/ADVANCED GAME PROGRAMMING/GAME3011_Assignment4
Using Asset Import Pipeline V2.
Refreshing native plugins compatible for Editor in 39.64 ms, found 1 plugins.
Preloading 0 native plugins for Editor in 0.00 ms.
Initialize engine version: 2020.2.3f1 (8ff31bc5bf5b)
[Subsystems] Discovering subsystems at path D:/Program Files/2020.2.3f1/Editor/Data/Resources/UnitySubsystems
[Subsystems] Discovering subsystems at path D:/GBC/ADVANCED GAME PROGRAMMING/GAME3011_Assignment4/Assets
GfxDevice: creating device client; threaded=0
Direct3D:
    Version:  Direct3D 11.0 [level 11.1]
    Renderer: NVIDIA GeForce GTX 1050 (ID=0x1c8d)
    Vendor:   
    VRAM:     1979 MB
    Driver:   26.21.14.4587
Initialize mono
Mono path[0] = 'D:/Program Files/2020.2.3f1/Editor/Data/Managed'
Mono path[1] = 'D:/Program Files/2020.2.3f1/Editor/Data/MonoBleedingEdge/lib/mono/unityjit'
Mono config path = 'D:/Program Files/2020.2.3f1/Editor/Data/MonoBleedingEdge/etc'
Using monoOptions --debugger-agent=transport=dt_socket,embedding=1,server=y,suspend=n,address=127.0.0.1:56180
Begin MonoManager ReloadAssembly
Registering precompiled unity dll's ...
Register platform support module: D:/Program Files/2020.2.3f1/Editor/Data/PlaybackEngines/WebGLSupport/UnityEditor.WebGL.Extensions.dll
Register platform support module: D:/Program Files/2020.2.3f1/Editor/Data/PlaybackEngines/WindowsStandaloneSupport/UnityEditor.WindowsStandalone.Extensions.dll
Registered in 0.001001 seconds.
Native extension for WindowsStandalone target not found
Native extension for WebGL target not found
Refreshing native plugins compatible for Editor in 34.61 ms, found 1 plugins.
Preloading 0 native plugins for Editor in 0.00 ms.
Invoked RoslynAnalysisRunner static constructor.
RoslynAnalysisRunner will not be running.
RoslynAnalysisRunner has terminated.
Mono: successfully reloaded assembly
- Completed reload, in  1.398 seconds
Platform modules already initialized, skipping
Registering precompiled user dll's ...
Registered in 0.000653 seconds.
Begin MonoManager ReloadAssembly
Native extension for WindowsStandalone target not found
Native extension for WebGL target not found
Refreshing native plugins compatible for Editor in 34.41 ms, found 1 plugins.
Preloading 0 native plugins for Editor in 0.00 ms.
Invoked RoslynAnalysisRunner static constructor.
RoslynAnalysisRunner will not be running.
RoslynAnalysisRunner has terminated.
Mono: successfully reloaded assembly
- Completed reload, in  0.917 seconds
Platform modules already initialized, skipping
========================================================================
Worker process is ready to serve import requests
Launched and connected shader compiler UnityShaderCompiler.exe after 0.14 seconds
Refreshing native plugins compatible for Editor in 0.52 ms, found 1 plugins.
Preloading 0 native plugins for Editor in 0.00 ms.
Unloading 1793 Unused Serialized files (Serialized files now loaded: 0)
System memory in use before: 89.7 MB.
System memory in use after: 89.6 MB.

Unloading 24 unused Assets to reduce memory usage. Loaded Objects now: 2239.
Total: 2.087600 ms (FindLiveObjects: 0.165400 ms CreateObjectMapping: 0.068000 ms MarkObjects: 1.715700 ms  DeleteObjects: 0.137600 ms)

========================================================================
Received Import Request.
  path: Assets/Image/BackGround.png
  artifactKey: Guid(75c268069e8fae0479d992159ad5e670) Importer(815301076,1909f56bfc062723c751e8b465ee728b)
Start importing Assets/Image/BackGround.png using Guid(75c268069e8fae0479d992159ad5e670) Importer(815301076,1909f56bfc062723c751e8b465ee728b)  -> (artifact id: '9264197031b0e19e9a3c68aff3690f9e') in 0.169188 seconds
  Import took 0.215980 seconds .

========================================================================
Received Import Request.
  Time since last request: 7.732259 seconds.
  path: Assets/Image/ButtonBackGround.png
  artifactKey: Guid(75c268069e8fae0479d992159ad5e670) Importer(815301076,1909f56bfc062723c751e8b465ee728b)
Start importing Assets/Image/ButtonBackGround.png using Guid(75c268069e8fae0479d992159ad5e670) Importer(815301076,1909f56bfc062723c751e8b465ee728b)  -> (artifact id: 'acccccb3339aba4cc0d6ffce3e2bc138') in 0.011226 seconds
  Import took 0.022265 seconds .

========================================================================
Received Import Request.
  Time since last request: 340.569512 seconds.
  path: Assets/Scenes/m.unity
  artifactKey: Guid(4f43fd4ccc8444a4a955219fdfc432b9) Importer(815301076,1909f56bfc062723c751e8b465ee728b)
Start importing Assets/Scenes/m.unity using Guid(4f43fd4ccc8444a4a955219fdfc432b9) Importer(815301076,1909f56bfc062723c751e8b465ee728b)  -> (artifact id: '1362bfb339e642456b0e52d5eaac44d0') in 0.028319 seconds
  Import took 0.052561 seconds .

